<?xml version="1.0" encoding="UTF-8"?>
<!-- Generated by org.testng.reporters.JUnitXMLReporter -->
<testsuite ignored="0" hostname="instance-1" failures="0" tests="5" name="Default test" time="8.888" errors="0" timestamp="2022-06-03T15:16:00 GMT">
  <testcase classname="com.TestNg.learn.TestNG_Parallel" name="TC1" time="4.705"/>
  <testcase classname="com.TestNg.learn.TestNG_Parallel" name="TC1" time="5.718"/>
  <testcase classname="com.TestNg.learn.TestNG_Parallel" name="TC1" time="8.804"/>
  <testcase classname="com.TestNg.learn.TestNG_Parallel" name="TC2" time="0.005"/>
  <testcase classname="com.TestNg.learn.TestNG_Parallel" name="TC3" time="0.001"/>
</testsuite> <!-- Default test -->
