<?xml version="1.0" encoding="UTF-8"?>
<!-- Generated by org.testng.reporters.JUnitXMLReporter -->
<testsuite ignored="1" hostname="instance-1" failures="0" tests="4" name="Test" time="0.083" errors="0" timestamp="2022-06-03T15:43:38 GMT">
  <testcase classname="com.TestNg.learn.Groups_concepts" name="tc2" time="0.016"/>
  <testcase classname="com.TestNg.learn.Groups_concepts" name="tc3" time="0.002"/>
  <testcase classname="com.TestNg.learn.Groups_concepts" name="tc4" time="0.002"/>
  <testcase classname="com.TestNg.learn.Groups_concepts" name="tc5" time="0.002"/>
  <testcase classname="com.TestNg.learn.Groups_concepts" name="tc1" time="0.0">
    <ignored/>
  </testcase> <!-- tc1 -->
</testsuite> <!-- Test -->
