<?xml version="1.0" encoding="UTF-8"?>
<!-- Generated by org.testng.reporters.JUnitXMLReporter -->
<testsuite ignored="1" hostname="instance-1" failures="0" tests="2" name="Parameter Test Chrome" time="13.535" errors="0" timestamp="2022-06-07T18:54:17 GMT">
  <testcase classname="com.automation.assignments.Using_Parameters" name="Rediff" time="4.307"/>
  <testcase classname="com.automation.assignments.Using_Parameters" name="login" time="9.171"/>
  <testcase classname="com.automation.assignments.Using_Parameters" name="videos" time="0.0">
    <ignored/>
  </testcase> <!-- videos -->
</testsuite> <!-- Parameter Test Chrome -->
