<?xml version="1.0" encoding="UTF-8"?>
<!-- Generated by org.testng.reporters.JUnitXMLReporter -->
<testsuite ignored="1" hostname="instance-1" failures="0" tests="2" name="Parameter Test Firefox" time="9.08" errors="0" timestamp="2022-06-07T18:54:27 GMT">
  <testcase classname="com.automation.assignments.Using_Parameters" name="Rediff" time="6.84"/>
  <testcase classname="com.automation.assignments.Using_Parameters" name="videos" time="2.233"/>
  <testcase classname="com.automation.assignments.Using_Parameters" name="login" time="0.0">
    <ignored/>
  </testcase> <!-- login -->
</testsuite> <!-- Parameter Test Firefox -->
