<?xml version="1.0" encoding="UTF-8"?>
<testng-results ignored="1" total="2" passed="1" failed="0" skipped="0">
  <reporter-output>
  </reporter-output>
  <suite started-at="2022-06-04T13:43:12Z" name="Failed suite [Failed suite [Suite]]" finished-at="2022-06-04T13:43:12Z" duration-ms="33">
    <groups>
    </groups>
    <test started-at="2022-06-04T13:43:12Z" name="Test(failed)(failed)" finished-at="2022-06-04T13:43:12Z" duration-ms="33">
      <class name="com.TestNg.learn.Surefile_testng">
        <test-method signature="testingSurefire()[pri:0, instance:com.TestNg.learn.Surefile_testng@2ea6137]" started-at="2022-06-04T13:43:12Z" name="testingSurefire" finished-at="2022-06-04T13:43:12Z" duration-ms="10" status="PASS">
          <reporter-output>
          </reporter-output>
        </test-method> <!-- testingSurefire -->
      </class> <!-- com.TestNg.learn.Surefile_testng -->
    </test> <!-- Test(failed)(failed) -->
  </suite> <!-- Failed suite [Failed suite [Suite]] -->
</testng-results>
