<?xml version="1.0" encoding="UTF-8"?>
<testng-results ignored="2" total="6" passed="4" failed="0" skipped="0">
  <reporter-output>
  </reporter-output>
  <suite started-at="2022-06-07T18:54:04 GMT" name="ParameterAssign" finished-at="2022-06-07T18:54:27 GMT" duration-ms="22652">
    <groups>
      <group name="Chrome">
        <method signature="Using_Parameters.login()[pri:0, instance:com.automation.assignments.Using_Parameters@30ee2816]" name="login" class="com.automation.assignments.Using_Parameters"/>
      </group> <!-- Chrome -->
      <group name="run">
        <method signature="Using_Parameters.Rediff(java.lang.String)[pri:0, instance:com.automation.assignments.Using_Parameters@30ee2816]" name="Rediff" class="com.automation.assignments.Using_Parameters"/>
        <method signature="Using_Parameters.Rediff(java.lang.String)[pri:0, instance:com.automation.assignments.Using_Parameters@6aba2b86]" name="Rediff" class="com.automation.assignments.Using_Parameters"/>
      </group> <!-- run -->
      <group name="Firefox">
        <method signature="Using_Parameters.videos()[pri:0, instance:com.automation.assignments.Using_Parameters@6aba2b86]" name="videos" class="com.automation.assignments.Using_Parameters"/>
      </group> <!-- Firefox -->
    </groups>
    <test started-at="2022-06-07T18:54:04 GMT" name="Parameter Test Chrome" finished-at="2022-06-07T18:54:17 GMT" duration-ms="13535">
      <class name="com.automation.assignments.Using_Parameters">
        <test-method signature="Rediff(java.lang.String)[pri:0, instance:com.automation.assignments.Using_Parameters@30ee2816]" started-at="2022-06-07T18:54:04 GMT" name="Rediff" finished-at="2022-06-07T18:54:08 GMT" duration-ms="4307" status="PASS">
          <params>
            <param index="0">
              <value>
                <![CDATA[Chrome]]>
              </value>
            </param>
          </params>
          <reporter-output>
          </reporter-output>
        </test-method> <!-- Rediff -->
        <test-method signature="login()[pri:0, instance:com.automation.assignments.Using_Parameters@30ee2816]" started-at="2022-06-07T18:54:08 GMT" name="login" finished-at="2022-06-07T18:54:17 GMT" duration-ms="9171" status="PASS">
          <reporter-output>
          </reporter-output>
        </test-method> <!-- login -->
      </class> <!-- com.automation.assignments.Using_Parameters -->
    </test> <!-- Parameter Test Chrome -->
    <test started-at="2022-06-07T18:54:17 GMT" name="Parameter Test Firefox" finished-at="2022-06-07T18:54:27 GMT" duration-ms="9080">
      <class name="com.automation.assignments.Using_Parameters">
        <test-method signature="Rediff(java.lang.String)[pri:0, instance:com.automation.assignments.Using_Parameters@6aba2b86]" started-at="2022-06-07T18:54:17 GMT" name="Rediff" finished-at="2022-06-07T18:54:24 GMT" duration-ms="6840" status="PASS">
          <params>
            <param index="0">
              <value>
                <![CDATA[Firefox]]>
              </value>
            </param>
          </params>
          <reporter-output>
          </reporter-output>
        </test-method> <!-- Rediff -->
        <test-method signature="videos()[pri:0, instance:com.automation.assignments.Using_Parameters@6aba2b86]" started-at="2022-06-07T18:54:24 GMT" name="videos" finished-at="2022-06-07T18:54:27 GMT" duration-ms="2233" status="PASS">
          <reporter-output>
          </reporter-output>
        </test-method> <!-- videos -->
      </class> <!-- com.automation.assignments.Using_Parameters -->
    </test> <!-- Parameter Test Firefox -->
  </suite> <!-- ParameterAssign -->
</testng-results>
