<?xml version="1.0" encoding="UTF-8"?>
<testng-results ignored="1" total="5" passed="4" failed="0" skipped="0">
  <reporter-output>
  </reporter-output>
  <suite started-at="2022-06-03T15:43:38 GMT" name="Suite" finished-at="2022-06-03T15:43:38 GMT" duration-ms="83">
    <groups>
      <group name="regression">
        <method signature="Groups_concepts.tc3()[pri:0, instance:com.TestNg.learn.Groups_concepts@19bb07ed]" name="tc3" class="com.TestNg.learn.Groups_concepts"/>
        <method signature="Groups_concepts.tc5()[pri:0, instance:com.TestNg.learn.Groups_concepts@19bb07ed]" name="tc5" class="com.TestNg.learn.Groups_concepts"/>
      </group> <!-- regression -->
      <group name="smoke">
        <method signature="Groups_concepts.tc2()[pri:0, instance:com.TestNg.learn.Groups_concepts@19bb07ed]" name="tc2" class="com.TestNg.learn.Groups_concepts"/>
        <method signature="Groups_concepts.tc3()[pri:0, instance:com.TestNg.learn.Groups_concepts@19bb07ed]" name="tc3" class="com.TestNg.learn.Groups_concepts"/>
      </group> <!-- smoke -->
      <group name="sanity">
        <method signature="Groups_concepts.tc2()[pri:0, instance:com.TestNg.learn.Groups_concepts@19bb07ed]" name="tc2" class="com.TestNg.learn.Groups_concepts"/>
        <method signature="Groups_concepts.tc3()[pri:0, instance:com.TestNg.learn.Groups_concepts@19bb07ed]" name="tc3" class="com.TestNg.learn.Groups_concepts"/>
        <method signature="Groups_concepts.tc4()[pri:0, instance:com.TestNg.learn.Groups_concepts@19bb07ed]" name="tc4" class="com.TestNg.learn.Groups_concepts"/>
      </group> <!-- sanity -->
    </groups>
    <test started-at="2022-06-03T15:43:38 GMT" name="Test" finished-at="2022-06-03T15:43:38 GMT" duration-ms="83">
      <class name="com.TestNg.learn.Groups_concepts">
        <test-method signature="tc2()[pri:0, instance:com.TestNg.learn.Groups_concepts@19bb07ed]" started-at="2022-06-03T15:43:38 GMT" name="tc2" finished-at="2022-06-03T15:43:38 GMT" duration-ms="16" status="PASS">
          <reporter-output>
          </reporter-output>
        </test-method> <!-- tc2 -->
        <test-method signature="tc3()[pri:0, instance:com.TestNg.learn.Groups_concepts@19bb07ed]" started-at="2022-06-03T15:43:38 GMT" name="tc3" finished-at="2022-06-03T15:43:38 GMT" duration-ms="2" status="PASS">
          <reporter-output>
          </reporter-output>
        </test-method> <!-- tc3 -->
        <test-method signature="tc4()[pri:0, instance:com.TestNg.learn.Groups_concepts@19bb07ed]" started-at="2022-06-03T15:43:38 GMT" name="tc4" finished-at="2022-06-03T15:43:38 GMT" duration-ms="2" status="PASS">
          <reporter-output>
          </reporter-output>
        </test-method> <!-- tc4 -->
        <test-method signature="tc5()[pri:0, instance:com.TestNg.learn.Groups_concepts@19bb07ed]" started-at="2022-06-03T15:43:38 GMT" name="tc5" finished-at="2022-06-03T15:43:38 GMT" duration-ms="2" status="PASS">
          <reporter-output>
          </reporter-output>
        </test-method> <!-- tc5 -->
      </class> <!-- com.TestNg.learn.Groups_concepts -->
    </test> <!-- Test -->
  </suite> <!-- Suite -->
</testng-results>
