<?xml version="1.0" encoding="UTF-8"?>
<!-- Generated by org.testng.reporters.JUnitXMLReporter -->
<testsuite ignored="1" hostname="instance-1" failures="0" tests="1" name="Test(failed)(failed)" time="0.033" errors="0" timestamp="04 Jun 2022 13:43:12 GMT">
  <testcase classname="com.TestNg.learn.Surefile_testng" name="testingSurefire" time="0.01"/>
  <testcase classname="com.TestNg.learn.Surefile_testng" name="passingTest" time="0.0">
    <ignored/>
  </testcase> <!-- passingTest -->
</testsuite> <!-- Test(failed)(failed) -->
